生成启动时间为 2015/5/22 0:25:23。
     1>项目“F:\6-2015spring\计算机视觉与模式识别\proj1\proj1\proj1.vcxproj”在节点 2 上(build 个目标)。
     1>InitializeBuildStatus:
         正在创建“Debug\proj1.unsuccessfulbuild”，因为已指定“AlwaysCreate”。
       ClCompile:
         d:\soft\VS2010\VC\bin\CL.exe /c /ZI /nologo /W3 /WX- /Od /Oy- /D WIN32 /D _DEBUG /D _CONSOLE /D _UNICODE /D UNICODE /Gm /EHsc /RTC1 /MDd /GS /fp:precise /Zc:wchar_t /Zc:forScope /Fo"Debug\\" /Fd"Debug\vc100.pdb" /Gd /TP /analyze- /errorReport:prompt proj1.cpp
         proj1.cpp
     1>f:\6-2015spring\计算机视觉与模式识别\proj1\proj1\proj1.cpp(115): warning C4244: “=”: 从“double”转换到“int”，可能丢失数据
     1>f:\6-2015spring\计算机视觉与模式识别\proj1\proj1\proj1.cpp(238): warning C4018: “<”: 有符号/无符号不匹配
     1>f:\6-2015spring\计算机视觉与模式识别\proj1\proj1\proj1.cpp(303): warning C4244: “=”: 从“double”转换到“int”，可能丢失数据
     1>f:\6-2015spring\计算机视觉与模式识别\proj1\proj1\proj1.cpp(304): warning C4244: “=”: 从“double”转换到“int”，可能丢失数据
     1>f:\6-2015spring\计算机视觉与模式识别\proj1\proj1\proj1.cpp(365): warning C4244: “*=”: 从“double”转换到“float”，可能丢失数据
     1>f:\6-2015spring\计算机视觉与模式识别\proj1\proj1\proj1.cpp(366): warning C4244: “*=”: 从“double”转换到“float”，可能丢失数据
     1>f:\6-2015spring\计算机视觉与模式识别\proj1\proj1\proj1.cpp(391): warning C4244: “=”: 从“int”转换到“float”，可能丢失数据
     1>f:\6-2015spring\计算机视觉与模式识别\proj1\proj1\proj1.cpp(395): warning C4244: “=”: 从“int”转换到“float”，可能丢失数据
     1>f:\6-2015spring\计算机视觉与模式识别\proj1\proj1\proj1.cpp(397): warning C4244: “=”: 从“int”转换到“float”，可能丢失数据
     1>f:\6-2015spring\计算机视觉与模式识别\proj1\proj1\proj1.cpp(398): warning C4244: “=”: 从“int”转换到“float”，可能丢失数据
       ManifestResourceCompile:
         所有输出均为最新。
       Link:
         d:\soft\VS2010\VC\bin\link.exe /ERRORREPORT:PROMPT /OUT:"F:\6-2015spring\计算机视觉与模式识别\proj1\Debug\proj1.exe" /INCREMENTAL /NOLOGO opencv_calib3d249d.lib opencv_contrib249d.lib opencv_core249d.lib opencv_features2d249d.lib opencv_flann249d.lib opencv_gpu249d.lib opencv_highgui249d.lib opencv_imgproc249d.lib opencv_legacy249d.lib opencv_ml249d.lib opencv_objdetect249d.lib opencv_ts249d.lib opencv_video249d.lib kernel32.lib user32.lib gdi32.lib winspool.lib comdlg32.lib advapi32.lib shell32.lib ole32.lib oleaut32.lib uuid.lib odbc32.lib odbccp32.lib /MANIFEST /ManifestFile:"Debug\proj1.exe.intermediate.manifest" /MANIFESTUAC:"level='asInvoker' uiAccess='false'" /DEBUG /PDB:"F:\6-2015spring\计算机视觉与模式识别\proj1\Debug\proj1.pdb" /SUBSYSTEM:CONSOLE /TLBID:1 /DYNAMICBASE /NXCOMPAT /IMPLIB:"F:\6-2015spring\计算机视觉与模式识别\proj1\Debug\proj1.lib" /MACHINE:X86 Debug\proj1.exe.embed.manifest.res
         Debug\proj1.obj
       Manifest:
         C:\Program Files (x86)\Microsoft SDKs\Windows\v7.0A\bin\mt.exe /nologo /verbose /out:"Debug\proj1.exe.embed.manifest" /manifest Debug\proj1.exe.intermediate.manifest
         所有输出均为最新。
       LinkEmbedManifest:
         所有输出均为最新。
         proj1.vcxproj -> F:\6-2015spring\计算机视觉与模式识别\proj1\Debug\proj1.exe
       FinalizeBuildStatus:
         正在删除文件“Debug\proj1.unsuccessfulbuild”。
         正在对“Debug\proj1.lastbuildstate”执行 Touch 任务。
     1>已完成生成项目“F:\6-2015spring\计算机视觉与模式识别\proj1\proj1\proj1.vcxproj”(build 个目标)的操作。

生成成功。

已用时间 00:00:02.38
