F:\6-2015SPRING\计算机视觉与模式识别\PROJ1\DEBUG\PROJ1.EXE
F:\6-2015SPRING\计算机视觉与模式识别\PROJ1\DEBUG\PROJ1.ILK
F:\6-2015SPRING\计算机视觉与模式识别\PROJ1\DEBUG\PROJ1.PDB
F:\6-2015spring\计算机视觉与模式识别\proj1\proj1\Debug\cl.command.1.tlog
F:\6-2015spring\计算机视觉与模式识别\proj1\proj1\Debug\CL.read.1.tlog
F:\6-2015spring\计算机视觉与模式识别\proj1\proj1\Debug\CL.write.1.tlog
F:\6-2015spring\计算机视觉与模式识别\proj1\proj1\Debug\link.1056.read.1.tlog
F:\6-2015spring\计算机视觉与模式识别\proj1\proj1\Debug\link.1056.write.1.tlog
F:\6-2015spring\计算机视觉与模式识别\proj1\proj1\Debug\link.1056-cvtres.read.1.tlog
F:\6-2015spring\计算机视觉与模式识别\proj1\proj1\Debug\link.1056-cvtres.write.1.tlog
F:\6-2015spring\计算机视觉与模式识别\proj1\proj1\Debug\link.22860.read.1.tlog
F:\6-2015spring\计算机视觉与模式识别\proj1\proj1\Debug\link.22860.write.1.tlog
F:\6-2015spring\计算机视觉与模式识别\proj1\proj1\Debug\link.22860-cvtres.read.1.tlog
F:\6-2015spring\计算机视觉与模式识别\proj1\proj1\Debug\link.22860-cvtres.write.1.tlog
F:\6-2015spring\计算机视觉与模式识别\proj1\proj1\Debug\link.2444.read.1.tlog
F:\6-2015spring\计算机视觉与模式识别\proj1\proj1\Debug\link.2444.write.1.tlog
F:\6-2015spring\计算机视觉与模式识别\proj1\proj1\Debug\link.2444-cvtres.read.1.tlog
F:\6-2015spring\计算机视觉与模式识别\proj1\proj1\Debug\link.2444-cvtres.write.1.tlog
F:\6-2015spring\计算机视觉与模式识别\proj1\proj1\Debug\link.3500.read.1.tlog
F:\6-2015spring\计算机视觉与模式识别\proj1\proj1\Debug\link.3500.write.1.tlog
F:\6-2015spring\计算机视觉与模式识别\proj1\proj1\Debug\link.3500-cvtres.read.1.tlog
F:\6-2015spring\计算机视觉与模式识别\proj1\proj1\Debug\link.3500-cvtres.write.1.tlog
F:\6-2015spring\计算机视觉与模式识别\proj1\proj1\Debug\link.3944.read.1.tlog
F:\6-2015spring\计算机视觉与模式识别\proj1\proj1\Debug\link.3944.write.1.tlog
F:\6-2015spring\计算机视觉与模式识别\proj1\proj1\Debug\link.3944-cvtres.read.1.tlog
F:\6-2015spring\计算机视觉与模式识别\proj1\proj1\Debug\link.3944-cvtres.write.1.tlog
F:\6-2015spring\计算机视觉与模式识别\proj1\proj1\Debug\link.4692.read.1.tlog
F:\6-2015spring\计算机视觉与模式识别\proj1\proj1\Debug\link.4692.write.1.tlog
F:\6-2015spring\计算机视觉与模式识别\proj1\proj1\Debug\link.4692-cvtres.read.1.tlog
F:\6-2015spring\计算机视觉与模式识别\proj1\proj1\Debug\link.4692-cvtres.write.1.tlog
F:\6-2015spring\计算机视觉与模式识别\proj1\proj1\Debug\link.484.read.1.tlog
F:\6-2015spring\计算机视觉与模式识别\proj1\proj1\Debug\link.484.write.1.tlog
F:\6-2015spring\计算机视觉与模式识别\proj1\proj1\Debug\link.484-cvtres.read.1.tlog
F:\6-2015spring\计算机视觉与模式识别\proj1\proj1\Debug\link.484-cvtres.write.1.tlog
F:\6-2015spring\计算机视觉与模式识别\proj1\proj1\Debug\link.5020.read.1.tlog
F:\6-2015spring\计算机视觉与模式识别\proj1\proj1\Debug\link.5020.write.1.tlog
F:\6-2015spring\计算机视觉与模式识别\proj1\proj1\Debug\link.5020-cvtres.read.1.tlog
F:\6-2015spring\计算机视觉与模式识别\proj1\proj1\Debug\link.5020-cvtres.write.1.tlog
F:\6-2015spring\计算机视觉与模式识别\proj1\proj1\Debug\link.5280.read.1.tlog
F:\6-2015spring\计算机视觉与模式识别\proj1\proj1\Debug\link.5280.write.1.tlog
F:\6-2015spring\计算机视觉与模式识别\proj1\proj1\Debug\link.5280-cvtres.read.1.tlog
F:\6-2015spring\计算机视觉与模式识别\proj1\proj1\Debug\link.5280-cvtres.write.1.tlog
F:\6-2015spring\计算机视觉与模式识别\proj1\proj1\Debug\link.5656.read.1.tlog
F:\6-2015spring\计算机视觉与模式识别\proj1\proj1\Debug\link.5656.write.1.tlog
F:\6-2015spring\计算机视觉与模式识别\proj1\proj1\Debug\link.5656-cvtres.read.1.tlog
F:\6-2015spring\计算机视觉与模式识别\proj1\proj1\Debug\link.5656-cvtres.write.1.tlog
F:\6-2015spring\计算机视觉与模式识别\proj1\proj1\Debug\link.5772.read.1.tlog
F:\6-2015spring\计算机视觉与模式识别\proj1\proj1\Debug\link.5772.write.1.tlog
F:\6-2015spring\计算机视觉与模式识别\proj1\proj1\Debug\link.5772-cvtres.read.1.tlog
F:\6-2015spring\计算机视觉与模式识别\proj1\proj1\Debug\link.5772-cvtres.write.1.tlog
F:\6-2015spring\计算机视觉与模式识别\proj1\proj1\Debug\link.6032.read.1.tlog
F:\6-2015spring\计算机视觉与模式识别\proj1\proj1\Debug\link.6032.write.1.tlog
F:\6-2015spring\计算机视觉与模式识别\proj1\proj1\Debug\link.6032-cvtres.read.1.tlog
F:\6-2015spring\计算机视觉与模式识别\proj1\proj1\Debug\link.6032-cvtres.write.1.tlog
F:\6-2015spring\计算机视觉与模式识别\proj1\proj1\Debug\link.6252.read.1.tlog
F:\6-2015spring\计算机视觉与模式识别\proj1\proj1\Debug\link.6252.write.1.tlog
F:\6-2015spring\计算机视觉与模式识别\proj1\proj1\Debug\link.6252-cvtres.read.1.tlog
F:\6-2015spring\计算机视觉与模式识别\proj1\proj1\Debug\link.6252-cvtres.write.1.tlog
F:\6-2015spring\计算机视觉与模式识别\proj1\proj1\Debug\link.6804.read.1.tlog
F:\6-2015spring\计算机视觉与模式识别\proj1\proj1\Debug\link.6804.write.1.tlog
F:\6-2015spring\计算机视觉与模式识别\proj1\proj1\Debug\link.6804-cvtres.read.1.tlog
F:\6-2015spring\计算机视觉与模式识别\proj1\proj1\Debug\link.6804-cvtres.write.1.tlog
F:\6-2015spring\计算机视觉与模式识别\proj1\proj1\Debug\link.7312.read.1.tlog
F:\6-2015spring\计算机视觉与模式识别\proj1\proj1\Debug\link.7312.write.1.tlog
F:\6-2015spring\计算机视觉与模式识别\proj1\proj1\Debug\link.7312-cvtres.read.1.tlog
F:\6-2015spring\计算机视觉与模式识别\proj1\proj1\Debug\link.7312-cvtres.write.1.tlog
F:\6-2015spring\计算机视觉与模式识别\proj1\proj1\Debug\link.command.1.tlog
F:\6-2015spring\计算机视觉与模式识别\proj1\proj1\Debug\link.read.1.tlog
F:\6-2015spring\计算机视觉与模式识别\proj1\proj1\Debug\link.write.1.tlog
F:\6-2015spring\计算机视觉与模式识别\proj1\proj1\Debug\link-cvtres.read.1.tlog
F:\6-2015spring\计算机视觉与模式识别\proj1\proj1\Debug\link-cvtres.write.1.tlog
F:\6-2015spring\计算机视觉与模式识别\proj1\proj1\Debug\mt.command.1.tlog
F:\6-2015spring\计算机视觉与模式识别\proj1\proj1\Debug\mt.read.1.tlog
F:\6-2015spring\计算机视觉与模式识别\proj1\proj1\Debug\mt.write.1.tlog
F:\6-2015SPRING\计算机视觉与模式识别\PROJ1\PROJ1\DEBUG\PROJ1.EXE.EMBED.MANIFEST
F:\6-2015SPRING\计算机视觉与模式识别\PROJ1\PROJ1\DEBUG\PROJ1.EXE.EMBED.MANIFEST.RES
F:\6-2015SPRING\计算机视觉与模式识别\PROJ1\PROJ1\DEBUG\PROJ1.EXE.INTERMEDIATE.MANIFEST
F:\6-2015SPRING\计算机视觉与模式识别\PROJ1\PROJ1\DEBUG\PROJ1.OBJ
F:\6-2015spring\计算机视觉与模式识别\proj1\proj1\Debug\proj1.vcxprojResolveAssemblyReference.cache
F:\6-2015spring\计算机视觉与模式识别\proj1\proj1\Debug\proj1.write.1.tlog
F:\6-2015spring\计算机视觉与模式识别\proj1\proj1\Debug\proj1_manifest.rc
F:\6-2015spring\计算机视觉与模式识别\proj1\proj1\Debug\rc.command.1.tlog
F:\6-2015spring\计算机视觉与模式识别\proj1\proj1\Debug\rc.read.1.tlog
F:\6-2015spring\计算机视觉与模式识别\proj1\proj1\Debug\rc.write.1.tlog
F:\6-2015spring\计算机视觉与模式识别\proj1\proj1\Debug\vc100.idb
F:\6-2015SPRING\计算机视觉与模式识别\PROJ1\PROJ1\DEBUG\VC100.PDB
